<?xml version="1.0" encoding="UTF-8"?>
<!-- Generated by org.testng.reporters.JUnitReportReporter -->
<testsuite hostname="DESKTOP-17DQ8NK" failures="0" tests="2" name="sample.TrelloTest" time="38.371" errors="0" timestamp="2022-04-19T18:42:01 IST" skipped="0">
  <testcase classname="sample.TrelloTest" name="loginTest" time="34.123"/>
  <system-out/>
  <testcase classname="sample.TrelloTest" name="logout" time="4.248"/>
  <system-out/>
</testsuite> <!-- sample.TrelloTest -->
